2024-01-02 12:38:34 - GET /
2024-01-02 12:38:34 - GET /favicon.ico
2024-01-02 12:38:37 - GET /admin/
2024-01-02 12:38:37 - GET /admin/login/
2024-01-02 12:38:43 - POST /admin/login/
2024-01-02 12:38:44 - GET /admin/
2024-01-02 12:38:46 - GET /admin/apirest/usuariocredencial/
2024-01-02 12:38:46 - GET /admin/jsi18n/
2024-01-02 12:39:11 - POST /admin/apirest/usuariocredencial/
2024-01-02 12:39:11 - GET /admin/apirest/usuariocredencial/
2024-01-02 12:39:11 - GET /admin/jsi18n/
2024-01-02 12:41:09 - GET /api/v1/login/20601736099/Admin/Mjjp/
2024-01-02 12:41:11 - GET /api/v1/ubi/maprig.dyndns-server.com/siiamaprig/sa/Noi2011/
2024-01-02 12:41:11 - GET /api/v1/op/maprig.dyndns-server.com/siiamaprig/sa/Noi2011/
2024-01-02 12:41:11 - GET /api/v1/total/jabas/maprig.dyndns-server.com/siiamaprig/sa/Noi2011/01/
2024-01-02 12:41:11 - GET /api/v1/pro/maprig.dyndns-server.com/siiamaprig/sa/Noi2011/
2024-01-02 12:41:15 - GET /api/v1/peso/maprig.dyndns-server.com/siiamaprig/sa/Noi2011/
2024-01-02 12:41:24 - POST /api/v1/process/data/maprig.dyndns-server.com/siiamaprig/sa/Noi2011/
2024-01-02 12:48:07 - GET /api/v1/total/jabas/maprig.dyndns-server.com/siiamaprig/sa/Noi2011/04/
2024-01-02 12:48:10 - GET /api/v1/total/jabas/maprig.dyndns-server.com/siiamaprig/sa/Noi2011/01/
2024-01-02 13:02:47 - GET /api/v1/op/maprig.dyndns-server.com/siiamaprig/sa/Noi2011/
2024-01-02 13:02:47 - GET /api/v1/total/jabas/maprig.dyndns-server.com/siiamaprig/sa/Noi2011/01/
2024-01-02 13:02:47 - GET /api/v1/ubi/maprig.dyndns-server.com/siiamaprig/sa/Noi2011/
2024-01-02 13:02:47 - GET /api/v1/pro/maprig.dyndns-server.com/siiamaprig/sa/Noi2011/
2024-01-02 13:02:47 - GET /api/v1/login/20601736099/Admin/Mjjp/
2024-01-02 13:02:52 - GET /api/v1/peso/maprig.dyndns-server.com/siiamaprig/sa/Noi2011/
2024-01-02 13:05:47 - POST /api/v1/process/data/maprig.dyndns-server.com/siiamaprig/sa/Noi2011/
2024-01-02 13:05:56 - POST /api/v1/process/data/maprig.dyndns-server.com/siiamaprig/sa/Noi2011/
2024-01-02 13:06:48 - GET /api/v1/peso/maprig.dyndns-server.com/siiamaprig/sa/Noi2011/
2024-01-02 13:06:53 - POST /api/v1/process/data/maprig.dyndns-server.com/siiamaprig/sa/Noi2011/
2024-01-02 13:09:03 - GET /api/v1/login/20601736099/Admin/Mjjp/
2024-01-02 13:09:05 - GET /api/v1/ubi/maprig.dyndns-server.com/siiamaprig/sa/Noi2011/
2024-01-02 13:09:05 - GET /api/v1/pro/maprig.dyndns-server.com/siiamaprig/sa/Noi2011/
2024-01-02 13:09:05 - GET /api/v1/total/jabas/maprig.dyndns-server.com/siiamaprig/sa/Noi2011/01/
2024-01-02 13:09:05 - GET /api/v1/op/maprig.dyndns-server.com/siiamaprig/sa/Noi2011/
